<?xml version="1.0" encoding="UTF-8"?>
<testsuite name="com.example.project.TestUser" tests="2" skipped="0" failures="0" errors="0" timestamp="2025-01-26T23:23:46" hostname="codespaces-527509" time="0.03">
  <properties/>
  <testcase name="testUserConstructor()" classname="com.example.project.TestUser" time="0.018"/>
  <testcase name="testUserInfo()" classname="com.example.project.TestUser" time="0.009"/>
  <system-out><![CDATA[]]></system-out>
  <system-err><![CDATA[]]></system-err>
</testsuite>
