<?xml version="1.0" encoding="UTF-8"?>
<testsuite name="com.example.project.TestBook" tests="3" skipped="0" failures="0" errors="0" timestamp="2025-01-27T00:05:35" hostname="codespaces-527509" time="0.062">
  <properties/>
  <testcase name="testBookInfo()" classname="com.example.project.TestBook" time="0.054"/>
  <testcase name="testBookConstructor()" classname="com.example.project.TestBook" time="0.001"/>
  <testcase name="testSetters()" classname="com.example.project.TestBook" time="0.002"/>
  <system-out><![CDATA[]]></system-out>
  <system-err><![CDATA[]]></system-err>
</testsuite>
