<?xml version="1.0" encoding="UTF-8"?>
<testsuite name="com.example.project.TestBook" tests="3" skipped="0" failures="0" errors="0" timestamp="2025-01-26T23:23:46" hostname="codespaces-527509" time="0.092">
  <properties/>
  <testcase name="testBookInfo()" classname="com.example.project.TestBook" time="0.078"/>
  <testcase name="testBookConstructor()" classname="com.example.project.TestBook" time="0.002"/>
  <testcase name="testSetters()" classname="com.example.project.TestBook" time="0.003"/>
  <system-out><![CDATA[]]></system-out>
  <system-err><![CDATA[]]></system-err>
</testsuite>
